node:internal/fs/watchers:262
    throw error;
    ^

Error: EISDIR: illegal operation on a directory, watch '\tmp\brainstorm\content'
    at FSWatcher.<computed> (node:internal/fs/watchers:254:19)
    at Object.watch (node:fs:2539:36)
    at startServer (\\wsl.localhost\Ubuntu\home\rif42\.kimi-code\plugins\managed\superpowers\skills\brainstorming\scripts\server.cjs:276:22)
    at Object.<anonymous> (\\wsl.localhost\Ubuntu\home\rif42\.kimi-code\plugins\managed\superpowers\skills\brainstorming\scripts\server.cjs:351:3)
    at Module._compile (node:internal/modules/cjs/loader:1761:14)
    at Object..js (node:internal/modules/cjs/loader:1893:10)
    at Module.load (node:internal/modules/cjs/loader:1481:32)
    at Module._load (node:internal/modules/cjs/loader:1300:12)
    at TracingChannel.traceSync (node:diagnostics_channel:328:14)
    at wrapModuleLoad (node:internal/modules/cjs/loader:245:24) {
  errno: -4068,
  syscall: 'watch',
  code: 'EISDIR',
  path: '\\tmp\\brainstorm\\content',
  filename: '\\tmp\\brainstorm\\content'
}

Node.js v24.12.0
